Using pre-set license
Built from '2022.2/staging' branch; Version is '2022.2.11f1 (621cd60d08fd) revision 6429910'; Using compiler version '192829333'; Build Type 'Release'
OS: 'Windows 10  (10.0.19045) 64bit Core' Language: 'zh' Physical Memory: 16260 MB
BatchMode: 1, IsHumanControllingUs: 0, StartBugReporterOnCrash: 0, Is64bit: 1, IsPro: 1

COMMAND LINE ARGUMENTS:
D:\2022.2.14f1\2022.2.11f1\Editor\Unity.exe
-adb2
-batchMode
-noUpm
-name
AssetImportWorker2
-projectPath
C:/Users/endchen/Downloads/Stage
-logFile
Logs/AssetImportWorker2.log
-srvPort
58306
Successfully changed project path to: C:/Users/endchen/Downloads/Stage
C:/Users/endchen/Downloads/Stage
[UnityMemory] Configuration Parameters - Can be set up in boot.config
    "memorysetup-bucket-allocator-granularity=16"
    "memorysetup-bucket-allocator-bucket-count=8"
    "memorysetup-bucket-allocator-block-size=33554432"
    "memorysetup-bucket-allocator-block-count=8"
    "memorysetup-main-allocator-block-size=16777216"
    "memorysetup-thread-allocator-block-size=16777216"
    "memorysetup-gfx-main-allocator-block-size=16777216"
    "memorysetup-gfx-thread-allocator-block-size=16777216"
    "memorysetup-cache-allocator-block-size=4194304"
    "memorysetup-typetree-allocator-block-size=2097152"
    "memorysetup-profiler-bucket-allocator-granularity=16"
    "memorysetup-profiler-bucket-allocator-bucket-count=8"
    "memorysetup-profiler-bucket-allocator-block-size=33554432"
    "memorysetup-profiler-bucket-allocator-block-count=8"
    "memorysetup-profiler-allocator-block-size=16777216"
    "memorysetup-profiler-editor-allocator-block-size=1048576"
    "memorysetup-temp-allocator-size-main=16777216"
    "memorysetup-job-temp-allocator-block-size=2097152"
    "memorysetup-job-temp-allocator-block-size-background=1048576"
    "memorysetup-job-temp-allocator-reduction-small-platforms=262144"
    "memorysetup-temp-allocator-size-background-worker=32768"
    "memorysetup-temp-allocator-size-job-worker=262144"
    "memorysetup-temp-allocator-size-preload-manager=33554432"
    "memorysetup-temp-allocator-size-nav-mesh-worker=65536"
    "memorysetup-temp-allocator-size-audio-worker=65536"
    "memorysetup-temp-allocator-size-cloud-worker=32768"
    "memorysetup-temp-allocator-size-gi-baking-worker=262144"
    "memorysetup-temp-allocator-size-gfx=262144"
Player connection [148] Host "[IP] 192.168.207.176 [Port] 0 [Flags] 2 [Guid] 1562248034 [EditorId] 1562248034 [Version] 1048832 [Id] WindowsEditor(7,MSI) [Debug] 1 [PackageName] WindowsEditor [ProjectName] Editor" joined multi-casting on [225.0.0.222:54997]...

Player connection [148] Host "[IP] 192.168.207.176 [Port] 0 [Flags] 2 [Guid] 1562248034 [EditorId] 1562248034 [Version] 1048832 [Id] WindowsEditor(7,MSI) [Debug] 1 [PackageName] WindowsEditor [ProjectName] Editor" joined alternative multi-casting on [225.0.0.222:34997]...

Refreshing native plugins compatible for Editor in 38.15 ms, found 28 plugins.
Preloading 0 native plugins for Editor in 0.00 ms.
Initialize engine version: 2022.2.11f1 (621cd60d08fd)
[Subsystems] Discovering subsystems at path D:/2022.2.14f1/2022.2.11f1/Editor/Data/Resources/UnitySubsystems
[Subsystems] Discovering subsystems at path C:/Users/endchen/Downloads/Stage/Assets
GfxDevice: creating device client; threaded=0; jobified=0
Direct3D:
    Version:  Direct3D 11.0 [level 11.1]
    Renderer: NVIDIA GeForce GTX 1060 (ID=0x1c20)
    Vendor:   NVIDIA
    VRAM:     6043 MB
    Driver:   31.0.15.3667
Initialize mono
Mono path[0] = 'D:/2022.2.14f1/2022.2.11f1/Editor/Data/Managed'
Mono path[1] = 'D:/2022.2.14f1/2022.2.11f1/Editor/Data/MonoBleedingEdge/lib/mono/unityjit-win32'
Mono config path = 'D:/2022.2.14f1/2022.2.11f1/Editor/Data/MonoBleedingEdge/etc'
Using monoOptions --debugger-agent=transport=dt_socket,embedding=1,server=y,suspend=n,address=127.0.0.1:56400
Begin MonoManager ReloadAssembly
Registering precompiled unity dll's ...
Register platform support module: D:/2022.2.14f1/2022.2.11f1/Editor/Data/PlaybackEngines/AndroidPlayer/UnityEditor.Android.Extensions.dll
Register platform support module: D:/2022.2.14f1/2022.2.11f1/Editor/Data/PlaybackEngines/WindowsStandaloneSupport/UnityEditor.WindowsStandalone.Extensions.dll
Registered in 0.008613 seconds.
- Loaded All Assemblies, in  0.534 seconds
Native extension for WindowsStandalone target not found
Native extension for Android target not found
Android Extension - Scanning For ADB Devices 476 ms
Mono: successfully reloaded assembly
- Finished resetting the current domain, in  0.983 seconds
Domain Reload Profiling:
	ReloadAssembly (296ms)
		BeginReloadAssembly (135ms)
			ExecutionOrderSort (0ms)
			DisableScriptedObjects (0ms)
			BackupInstance (0ms)
			ReleaseScriptingObjects (0ms)
			CreateAndSetChildDomain (1ms)
		LoadAllAssembliesAndSetupDomain (0ms)
			LoadAssemblies (134ms)
			RebuildTransferFunctionScriptingTraits (0ms)
			SetupTypeCache (232ms)
				TypeCache.Initialize (230ms)
					TypeCache.ScanAssembly (228ms)
				ResolveRequiredComponents (1ms)
		FinalizeReload (0ms)
			ReleaseScriptCaches (0ms)
			RebuildScriptCaches (0ms)
			SetupLoadedEditorAssemblies (883ms)
				LogAssemblyErrors (0ms)
				InitializePlatformSupportModulesInManaged (612ms)
				SetLoadedEditorAssemblies (6ms)
				RefreshPlugins (0ms)
				BeforeProcessingInitializeOnLoad (2ms)
				ProcessInitializeOnLoadAttributes (179ms)
				ProcessInitializeOnLoadMethodAttributes (84ms)
				AfterProcessingInitializeOnLoad (0ms)
				EditorAssembliesLoaded (0ms)
			ExecutionOrderSort2 (0ms)
			AwakeInstancesAfterBackupRestoration (0ms)
========================================================================
Worker process is ready to serve import requests
Begin MonoManager ReloadAssembly
Symbol file LoadedFromMemory doesn't match image C:\Users\endchen\Downloads\Stage\Library\PackageCache\com.unity.visualscripting@1.8.0\Editor\VisualScripting.Core\Dependencies\YamlDotNet\Unity.VisualScripting.YamlDotNet.dll
Symbol file LoadedFromMemory doesn't match image C:\Users\endchen\Downloads\Stage\Library\PackageCache\com.unity.visualscripting@1.8.0\Editor\VisualScripting.Core\Dependencies\DotNetZip\Unity.VisualScripting.IonicZip.dll
- Loaded All Assemblies, in  1.189 seconds
Refreshing native plugins compatible for Editor in 25.26 ms, found 28 plugins.
Native extension for WindowsStandalone target not found
Native extension for Android target not found
Mono: successfully reloaded assembly
- Finished resetting the current domain, in  0.900 seconds
Domain Reload Profiling:
	ReloadAssembly (346ms)
		BeginReloadAssembly (200ms)
			ExecutionOrderSort (0ms)
			DisableScriptedObjects (9ms)
			BackupInstance (0ms)
			ReleaseScriptingObjects (0ms)
			CreateAndSetChildDomain (33ms)
		LoadAllAssembliesAndSetupDomain (840ms)
			LoadAssemblies (383ms)
			RebuildTransferFunctionScriptingTraits (0ms)
			SetupTypeCache (556ms)
				TypeCache.Initialize (523ms)
					TypeCache.ScanAssembly (516ms)
				ResolveRequiredComponents (9ms)
		FinalizeReload (0ms)
			ReleaseScriptCaches (0ms)
			RebuildScriptCaches (0ms)
			SetupLoadedEditorAssemblies (615ms)
				LogAssemblyErrors (0ms)
				InitializePlatformSupportModulesInManaged (33ms)
				SetLoadedEditorAssemblies (8ms)
				RefreshPlugins (0ms)
				BeforeProcessingInitializeOnLoad (92ms)
				ProcessInitializeOnLoadAttributes (447ms)
				ProcessInitializeOnLoadMethodAttributes (30ms)
				AfterProcessingInitializeOnLoad (5ms)
				EditorAssembliesLoaded (0ms)
			ExecutionOrderSort2 (0ms)
			AwakeInstancesAfterBackupRestoration (11ms)
Launched and connected shader compiler UnityShaderCompiler.exe after 0.07 seconds
Refreshing native plugins compatible for Editor in 26.53 ms, found 28 plugins.
Preloading 0 native plugins for Editor in 0.00 ms.
Unloading 3160 Unused Serialized files (Serialized files now loaded: 0)
Unloading 90 unused Assets / (97.8 KB). Loaded Objects now: 3567.
Memory consumption went from 114.3 MB to 114.2 MB.
Total: 6.073900 ms (FindLiveObjects: 0.352600 ms CreateObjectMapping: 0.339600 ms MarkObjects: 5.138200 ms  DeleteObjects: 0.242100 ms)

AssetImportParameters requested are different than current active one (requested -> active):
  custom:container-demuxer-ogg: 62fdf1f143b41e24485cea50d1cbac27 -> 
  custom:video-decoder-ogg-theora: a1e56fd34408186e4bbccfd4996cb3dc -> 
  custom:framework-win-MediaFoundation: 216162199b28c13a410421893ffa2e32 -> 
  custom:container-demuxer-webm: 4f35f7cbe854078d1ac9338744f61a02 -> 
  custom:container-muxer-webm: aa71ff27fc2769a1b78a27578f13a17b -> 
  custom:video-decoder-webm-vp8: 9c59270c3fd7afecdb556c50c9e8de78 -> 
  custom:AudioImporter_EditorPlatform: d09bf68614088b80899f8185d706f6e7 -> 
  custom:scripting/monoscript/fileName/ButtonFunction.cs: 118c8725099aeee95e3990b0d93821e5 -> 397874b40585e7c4c81c115f5934657f
  custom:video-encoder-webm-vp8: eb34c28f22e8b96e1ab97ce403110664 -> 
  custom:audio-decoder-ogg-vorbis: bf7c407c2cedff20999df2af8eb42d56 -> 
  custom:audio-encoder-webm-vorbis: bf7c407c2cedff20999df2af8eb42d56 -> 
  custom:scripting/monoscript/fileName/MovementCamera.cs: 3438db880a4c04ea2e0d9336edf1a1cb -> 1421e6a82a609ee0fd61ed5ba28a90ce
========================================================================
Received Import Request.
  Time since last request: 177223.047770 seconds.
  path: Assets/觀眾資料夾/BasicBanditTextures/Materials
  artifactKey: Guid(7d78d3f0765cd33449fc8612d6e7425b) Importer(815301076,1909f56bfc062723c751e8b465ee728b)
Start importing Assets/觀眾資料夾/BasicBanditTextures/Materials using Guid(7d78d3f0765cd33449fc8612d6e7425b) Importer(815301076,1909f56bfc062723c751e8b465ee728b)  -> (artifact id: 'a7397af1a0a5c73dfa7ddd1f1a0339fe') in 0.003158 seconds 
Number of updated asset objects reloaded before import = 0
Number of asset objects unloaded after import = 0
========================================================================
Received Import Request.
  Time since last request: 1.638843 seconds.
  path: Assets/觀眾資料夾/BasicBanditTextures/Materials/BasicBandit_Cloth_AlbedoTransparency.mat
  artifactKey: Guid(eb1679beb0a715741b734e10cf894fb0) Importer(815301076,1909f56bfc062723c751e8b465ee728b)
Start importing Assets/觀眾資料夾/BasicBanditTextures/Materials/BasicBandit_Cloth_AlbedoTransparency.mat using Guid(eb1679beb0a715741b734e10cf894fb0) Importer(815301076,1909f56bfc062723c751e8b465ee728b)  -> (artifact id: 'e43d2f48c49ca8f97487ecdcc3d542aa') in 0.185225 seconds 
Number of updated asset objects reloaded before import = 0
Number of asset objects unloaded after import = 2
========================================================================
Received Prepare
Begin MonoManager ReloadAssembly
Symbol file LoadedFromMemory doesn't match image C:\Users\endchen\Downloads\Stage\Library\PackageCache\com.unity.visualscripting@1.8.0\Editor\VisualScripting.Core\Dependencies\YamlDotNet\Unity.VisualScripting.YamlDotNet.dll
Symbol file LoadedFromMemory doesn't match image C:\Users\endchen\Downloads\Stage\Library\PackageCache\com.unity.visualscripting@1.8.0\Editor\VisualScripting.Core\Dependencies\DotNetZip\Unity.VisualScripting.IonicZip.dll
- Loaded All Assemblies, in  1.186 seconds
Refreshing native plugins compatible for Editor in 23.01 ms, found 28 plugins.
Native extension for WindowsStandalone target not found
Native extension for Android target not found
Mono: successfully reloaded assembly
- Finished resetting the current domain, in  1.415 seconds
Domain Reload Profiling:
	ReloadAssembly (372ms)
		BeginReloadAssembly (227ms)
			ExecutionOrderSort (0ms)
			DisableScriptedObjects (8ms)
			BackupInstance (0ms)
			ReleaseScriptingObjects (0ms)
			CreateAndSetChildDomain (60ms)
		LoadAllAssembliesAndSetupDomain (811ms)
			LoadAssemblies (407ms)
			RebuildTransferFunctionScriptingTraits (0ms)
			SetupTypeCache (512ms)
				TypeCache.Initialize (503ms)
					TypeCache.ScanAssembly (492ms)
				ResolveRequiredComponents (9ms)
		FinalizeReload (0ms)
			ReleaseScriptCaches (0ms)
			RebuildScriptCaches (0ms)
			SetupLoadedEditorAssemblies (632ms)
				LogAssemblyErrors (0ms)
				InitializePlatformSupportModulesInManaged (38ms)
				SetLoadedEditorAssemblies (8ms)
				RefreshPlugins (0ms)
				BeforeProcessingInitializeOnLoad (109ms)
				ProcessInitializeOnLoadAttributes (432ms)
				ProcessInitializeOnLoadMethodAttributes (38ms)
				AfterProcessingInitializeOnLoad (6ms)
				EditorAssembliesLoaded (0ms)
			ExecutionOrderSort2 (0ms)
			AwakeInstancesAfterBackupRestoration (14ms)
Refreshing native plugins compatible for Editor in 25.62 ms, found 28 plugins.
Preloading 0 native plugins for Editor in 0.00 ms.
Unloading 3152 Unused Serialized files (Serialized files now loaded: 0)
Unloading 81 unused Assets / (62.1 KB). Loaded Objects now: 3611.
Memory consumption went from 118.0 MB to 117.9 MB.
Total: 6.449500 ms (FindLiveObjects: 0.467900 ms CreateObjectMapping: 0.389500 ms MarkObjects: 5.442500 ms  DeleteObjects: 0.147900 ms)

Prepare: number of updated asset objects reloaded= 0
AssetImportParameters requested are different than current active one (requested -> active):
  custom:container-demuxer-ogg: 62fdf1f143b41e24485cea50d1cbac27 -> 
  custom:video-decoder-ogg-theora: a1e56fd34408186e4bbccfd4996cb3dc -> 
  custom:framework-win-MediaFoundation: 216162199b28c13a410421893ffa2e32 -> 
  custom:container-demuxer-webm: 4f35f7cbe854078d1ac9338744f61a02 -> 
  custom:container-muxer-webm: aa71ff27fc2769a1b78a27578f13a17b -> 
  custom:video-decoder-webm-vp8: 9c59270c3fd7afecdb556c50c9e8de78 -> 
  custom:AudioImporter_EditorPlatform: d09bf68614088b80899f8185d706f6e7 -> 
  custom:scripting/monoscript/fileName/ButtonFunction.cs: 118c8725099aeee95e3990b0d93821e5 -> 397874b40585e7c4c81c115f5934657f
  custom:video-encoder-webm-vp8: eb34c28f22e8b96e1ab97ce403110664 -> 
  custom:audio-decoder-ogg-vorbis: bf7c407c2cedff20999df2af8eb42d56 -> 
  custom:audio-encoder-webm-vorbis: bf7c407c2cedff20999df2af8eb42d56 -> 
  custom:scripting/monoscript/fileName/MovementCamera.cs: 3438db880a4c04ea2e0d9336edf1a1cb -> 1421e6a82a609ee0fd61ed5ba28a90ce
========================================================================
Received Import Request.
  Time since last request: 1267.129543 seconds.
  path: Assets/觀眾資料夾/DemoSceneBasicBandit/AnimationsDemoscene
  artifactKey: Guid(519cab7c945b72544b61683886c6e2a9) Importer(815301076,1909f56bfc062723c751e8b465ee728b)
Start importing Assets/觀眾資料夾/DemoSceneBasicBandit/AnimationsDemoscene using Guid(519cab7c945b72544b61683886c6e2a9) Importer(815301076,1909f56bfc062723c751e8b465ee728b)  -> (artifact id: '8e5dd820c4fcb3192bd4b6f13404a168') in 0.003283 seconds 
Number of updated asset objects reloaded before import = 0
Number of asset objects unloaded after import = 0
========================================================================
Received Import Request.
  Time since last request: 0.367664 seconds.
  path: Assets/觀眾資料夾/DemoSceneBasicBandit/AnimationsDemoscene/IdleGrab_Neutral.fbx
  artifactKey: Guid(d292496162cb9ef40908e9f1d8ae5749) Importer(815301076,1909f56bfc062723c751e8b465ee728b)
Start importing Assets/觀眾資料夾/DemoSceneBasicBandit/AnimationsDemoscene/IdleGrab_Neutral.fbx using Guid(d292496162cb9ef40908e9f1d8ae5749) Importer(815301076,1909f56bfc062723c751e8b465ee728b)  -> (artifact id: 'cf97e1718c71b5763fbac98623e3dd11') in 0.056723 seconds 
Number of updated asset objects reloaded before import = 0
Number of asset objects unloaded after import = 161
========================================================================
Received Import Request.
  Time since last request: 0.000033 seconds.
  path: Assets/觀眾資料夾/DemoSceneBasicBandit/AnimationsDemoscene/WalkFWD.fbx
  artifactKey: Guid(c31c80009cccec043ac9ec4439552a4d) Importer(815301076,1909f56bfc062723c751e8b465ee728b)
Start importing Assets/觀眾資料夾/DemoSceneBasicBandit/AnimationsDemoscene/WalkFWD.fbx using Guid(c31c80009cccec043ac9ec4439552a4d) Importer(815301076,1909f56bfc062723c751e8b465ee728b)  -> (artifact id: '5353e3ae471269f2d702aa53c487b72e') in 0.009010 seconds 
Number of updated asset objects reloaded before import = 0
Number of asset objects unloaded after import = 157
========================================================================
Received Import Request.
  Time since last request: 84936.242546 seconds.
  path: Assets/觀眾資料夾
  artifactKey: Guid(7539e05ba8d1c2b4faf754fcbe4f5de4) Importer(815301076,1909f56bfc062723c751e8b465ee728b)
Start importing Assets/觀眾資料夾 using Guid(7539e05ba8d1c2b4faf754fcbe4f5de4) Importer(815301076,1909f56bfc062723c751e8b465ee728b)  -> (artifact id: '04b0bcd4fe972fdabf803d0bee7ee595') in 0.033759 seconds 
Number of updated asset objects reloaded before import = 0
Number of asset objects unloaded after import = 0
========================================================================
Received Import Request.
  Time since last request: 8.270693 seconds.
  path: Assets/觀眾資料夾/New Folder
  artifactKey: Guid(34e7e0f38ef38434ab921922e2e801c8) Importer(815301076,1909f56bfc062723c751e8b465ee728b)
Start importing Assets/觀眾資料夾/New Folder using Guid(34e7e0f38ef38434ab921922e2e801c8) Importer(815301076,1909f56bfc062723c751e8b465ee728b)  -> (artifact id: '6c2874767b7b0edd02ed362e0b47cbce') in 0.001207 seconds 
Number of updated asset objects reloaded before import = 0
Number of asset objects unloaded after import = 0
========================================================================
Received Import Request.
  Time since last request: 12.932684 seconds.
  path: Assets/觀眾資料夾/Materials/BasicBandit_Body.mat
  artifactKey: Guid(af7ee246303972a4e970cde0512e99f9) Importer(815301076,1909f56bfc062723c751e8b465ee728b)
Start importing Assets/觀眾資料夾/Materials/BasicBandit_Body.mat using Guid(af7ee246303972a4e970cde0512e99f9) Importer(815301076,1909f56bfc062723c751e8b465ee728b)  -> (artifact id: 'f7c3f52b6cfd03040bcd8a1a3fd526e9') in 2.194492 seconds 
Number of updated asset objects reloaded before import = 0
Number of asset objects unloaded after import = 4
========================================================================
Received Import Request.
  Time since last request: 24.378280 seconds.
  path: Assets/觀眾動作
  artifactKey: Guid(bbd9319d37283744397717a386eacdb8) Importer(815301076,1909f56bfc062723c751e8b465ee728b)
Start importing Assets/觀眾動作 using Guid(bbd9319d37283744397717a386eacdb8) Importer(815301076,1909f56bfc062723c751e8b465ee728b)  -> (artifact id: '6b8602eb26d4c2df8004d3db7974f34b') in 0.000798 seconds 
Number of updated asset objects reloaded before import = 0
Number of asset objects unloaded after import = 0
========================================================================
Received Import Request.
  Time since last request: 8.410335 seconds.
  path: Assets/觀眾資料夾/DemoSceneBasicBandit/Materials/Black.mat
  artifactKey: Guid(0d42f6867dac76045aa5f296f33c980e) Importer(815301076,1909f56bfc062723c751e8b465ee728b)
Start importing Assets/觀眾資料夾/DemoSceneBasicBandit/Materials/Black.mat using Guid(0d42f6867dac76045aa5f296f33c980e) Importer(815301076,1909f56bfc062723c751e8b465ee728b)  -> (artifact id: 'b9f58ca1ec49cf311f3b2ad6a8c8cc70') in 0.021109 seconds 
Number of updated asset objects reloaded before import = 0
Number of asset objects unloaded after import = 1
========================================================================
Received Import Request.
  Time since last request: 14.639120 seconds.
  path: Assets/觀眾動作/sit.anim
  artifactKey: Guid(b191425fba935f8409b6ea8d47a35d4c) Importer(815301076,1909f56bfc062723c751e8b465ee728b)
Start importing Assets/觀眾動作/sit.anim using Guid(b191425fba935f8409b6ea8d47a35d4c) Importer(815301076,1909f56bfc062723c751e8b465ee728b)  -> (artifact id: 'b45297ae6a307e745bd2f3964f26fed2') in 0.004776 seconds 
Number of updated asset objects reloaded before import = 0
Number of asset objects unloaded after import = 1
========================================================================
Received Import Request.
  Time since last request: 52.394619 seconds.
  path: Assets/觀眾動作/sit.controller
  artifactKey: Guid(5622c795430c7804a90af35e510ecfec) Importer(815301076,1909f56bfc062723c751e8b465ee728b)
Start importing Assets/觀眾動作/sit.controller using Guid(5622c795430c7804a90af35e510ecfec) Importer(815301076,1909f56bfc062723c751e8b465ee728b)  -> (artifact id: '26e0c37d9ceec5dbf64bf3bc895c43f6') in 0.004790 seconds 
Number of updated asset objects reloaded before import = 0
Number of asset objects unloaded after import = 1
========================================================================
Received Import Request.
  Time since last request: 421.567290 seconds.
  path: Assets/觀眾動作/X Bot@Sitting Idle.fbx
  artifactKey: Guid(690db6fae42d8184a8056f6aa98fc431) Importer(815301076,1909f56bfc062723c751e8b465ee728b)
Start importing Assets/觀眾動作/X Bot@Sitting Idle.fbx using Guid(690db6fae42d8184a8056f6aa98fc431) Importer(815301076,1909f56bfc062723c751e8b465ee728b)  -> (artifact id: 'b9ac5eb63de8c4083247e9d56f6f039a') in 0.015198 seconds 
Number of updated asset objects reloaded before import = 0
Number of asset objects unloaded after import = 135
========================================================================
Received Import Request.
  Time since last request: 283.944707 seconds.
  path: Assets/觀眾動作/sit.controller
  artifactKey: Guid(5622c795430c7804a90af35e510ecfec) Importer(815301076,1909f56bfc062723c751e8b465ee728b)
Start importing Assets/觀眾動作/sit.controller using Guid(5622c795430c7804a90af35e510ecfec) Importer(815301076,1909f56bfc062723c751e8b465ee728b)  -> (artifact id: '28db2ec7d9a824bbecef82e56a487335') in 0.002957 seconds 
Number of updated asset objects reloaded before import = 0
Number of asset objects unloaded after import = 4
========================================================================
Received Prepare
Begin MonoManager ReloadAssembly
Symbol file LoadedFromMemory doesn't match image C:\Users\endchen\Downloads\Stage\Library\PackageCache\com.unity.visualscripting@1.8.0\Editor\VisualScripting.Core\Dependencies\YamlDotNet\Unity.VisualScripting.YamlDotNet.dll
Symbol file LoadedFromMemory doesn't match image C:\Users\endchen\Downloads\Stage\Library\PackageCache\com.unity.visualscripting@1.8.0\Editor\VisualScripting.Core\Dependencies\DotNetZip\Unity.VisualScripting.IonicZip.dll
- Loaded All Assemblies, in  5.922 seconds
Refreshing native plugins compatible for Editor in 24.40 ms, found 28 plugins.
Native extension for WindowsStandalone target not found
Native extension for Android target not found
Mono: successfully reloaded assembly
- Finished resetting the current domain, in 15.575 seconds
Domain Reload Profiling:
	ReloadAssembly (502ms)
		BeginReloadAssembly (367ms)
			ExecutionOrderSort (0ms)
			DisableScriptedObjects (10ms)
			BackupInstance (0ms)
			ReleaseScriptingObjects (0ms)
			CreateAndSetChildDomain (171ms)
		LoadAllAssembliesAndSetupDomain (5418ms)
			LoadAssemblies (4904ms)
			RebuildTransferFunctionScriptingTraits (0ms)
			SetupTypeCache (638ms)
				TypeCache.Initialize (629ms)
					TypeCache.ScanAssembly (611ms)
				ResolveRequiredComponents (9ms)
		FinalizeReload (0ms)
			ReleaseScriptCaches (0ms)
			RebuildScriptCaches (0ms)
			SetupLoadedEditorAssemblies (586ms)
				LogAssemblyErrors (0ms)
				InitializePlatformSupportModulesInManaged (38ms)
				SetLoadedEditorAssemblies (7ms)
				RefreshPlugins (0ms)
				BeforeProcessingInitializeOnLoad (111ms)
				ProcessInitializeOnLoadAttributes (390ms)
				ProcessInitializeOnLoadMethodAttributes (33ms)
				AfterProcessingInitializeOnLoad (6ms)
				EditorAssembliesLoaded (0ms)
			ExecutionOrderSort2 (0ms)
			AwakeInstancesAfterBackupRestoration (13ms)
Refreshing native plugins compatible for Editor in 24.43 ms, found 28 plugins.
Preloading 0 native plugins for Editor in 0.00 ms.
Unloading 3152 Unused Serialized files (Serialized files now loaded: 0)
Unloading 81 unused Assets / (61.9 KB). Loaded Objects now: 3614.
Memory consumption went from 118.4 MB to 118.3 MB.
Total: 5.491300 ms (FindLiveObjects: 0.301700 ms CreateObjectMapping: 0.282400 ms MarkObjects: 4.681900 ms  DeleteObjects: 0.224100 ms)

Prepare: number of updated asset objects reloaded= 0
AssetImportParameters requested are different than current active one (requested -> active):
  custom:container-demuxer-ogg: 62fdf1f143b41e24485cea50d1cbac27 -> 
  custom:video-decoder-ogg-theora: a1e56fd34408186e4bbccfd4996cb3dc -> 
  custom:framework-win-MediaFoundation: 216162199b28c13a410421893ffa2e32 -> 
  custom:container-demuxer-webm: 4f35f7cbe854078d1ac9338744f61a02 -> 
  custom:container-muxer-webm: aa71ff27fc2769a1b78a27578f13a17b -> 
  custom:video-decoder-webm-vp8: 9c59270c3fd7afecdb556c50c9e8de78 -> 
  custom:AudioImporter_EditorPlatform: d09bf68614088b80899f8185d706f6e7 -> 
  custom:scripting/monoscript/fileName/ButtonFunction.cs: 118c8725099aeee95e3990b0d93821e5 -> 397874b40585e7c4c81c115f5934657f
  custom:video-encoder-webm-vp8: eb34c28f22e8b96e1ab97ce403110664 -> 
  custom:audio-decoder-ogg-vorbis: bf7c407c2cedff20999df2af8eb42d56 -> 
  custom:audio-encoder-webm-vorbis: bf7c407c2cedff20999df2af8eb42d56 -> 
  custom:scripting/monoscript/fileName/MovementCamera.cs: 3438db880a4c04ea2e0d9336edf1a1cb -> 1421e6a82a609ee0fd61ed5ba28a90ce
========================================================================
Received Import Request.
  Time since last request: 337.362962 seconds.
  path: Assets/觀眾動作/X Bot@Sitting Idle.fbx
  artifactKey: Guid(690db6fae42d8184a8056f6aa98fc431) Importer(815301076,1909f56bfc062723c751e8b465ee728b)
Start importing Assets/觀眾動作/X Bot@Sitting Idle.fbx using Guid(690db6fae42d8184a8056f6aa98fc431) Importer(815301076,1909f56bfc062723c751e8b465ee728b)  -> (artifact id: '7e8e608173d79eec50cf3a0546d66ba8') in 0.053533 seconds 
Number of updated asset objects reloaded before import = 0
Number of asset objects unloaded after import = 137
========================================================================
Received Import Request.
  Time since last request: 236.032744 seconds.
  path: Assets/觀眾動作/X Bot@Sitting.fbx
  artifactKey: Guid(d355c17f7d13d19438980570360b30b1) Importer(815301076,1909f56bfc062723c751e8b465ee728b)
Start importing Assets/觀眾動作/X Bot@Sitting.fbx using Guid(d355c17f7d13d19438980570360b30b1) Importer(815301076,1909f56bfc062723c751e8b465ee728b)  -> (artifact id: '86892f3dfba31a983310808da8cf4d45') in 0.009251 seconds 
Number of updated asset objects reloaded before import = 0
Number of asset objects unloaded after import = 135
========================================================================
Received Prepare
Begin MonoManager ReloadAssembly
Symbol file LoadedFromMemory doesn't match image C:\Users\endchen\Downloads\Stage\Library\PackageCache\com.unity.visualscripting@1.8.0\Editor\VisualScripting.Core\Dependencies\YamlDotNet\Unity.VisualScripting.YamlDotNet.dll
Symbol file LoadedFromMemory doesn't match image C:\Users\endchen\Downloads\Stage\Library\PackageCache\com.unity.visualscripting@1.8.0\Editor\VisualScripting.Core\Dependencies\DotNetZip\Unity.VisualScripting.IonicZip.dll
- Loaded All Assemblies, in  1.189 seconds
Refreshing native plugins compatible for Editor in 23.55 ms, found 28 plugins.
Native extension for WindowsStandalone target not found
Native extension for Android target not found
Mono: successfully reloaded assembly
- Finished resetting the current domain, in  1.485 seconds
Domain Reload Profiling:
	ReloadAssembly (349ms)
		BeginReloadAssembly (221ms)
			ExecutionOrderSort (0ms)
			DisableScriptedObjects (9ms)
			BackupInstance (0ms)
			ReleaseScriptingObjects (0ms)
			CreateAndSetChildDomain (58ms)
		LoadAllAssembliesAndSetupDomain (838ms)
			LoadAssemblies (397ms)
			RebuildTransferFunctionScriptingTraits (0ms)
			SetupTypeCache (545ms)
				TypeCache.Initialize (535ms)
					TypeCache.ScanAssembly (525ms)
				ResolveRequiredComponents (9ms)
		FinalizeReload (0ms)
			ReleaseScriptCaches (0ms)
			RebuildScriptCaches (0ms)
			SetupLoadedEditorAssemblies (629ms)
				LogAssemblyErrors (0ms)
				InitializePlatformSupportModulesInManaged (39ms)
				SetLoadedEditorAssemblies (8ms)
				RefreshPlugins (0ms)
				BeforeProcessingInitializeOnLoad (117ms)
				ProcessInitializeOnLoadAttributes (421ms)
				ProcessInitializeOnLoadMethodAttributes (38ms)
				AfterProcessingInitializeOnLoad (6ms)
				EditorAssembliesLoaded (0ms)
			ExecutionOrderSort2 (0ms)
			AwakeInstancesAfterBackupRestoration (14ms)
Refreshing native plugins compatible for Editor in 21.65 ms, found 28 plugins.
Preloading 0 native plugins for Editor in 0.00 ms.
Unloading 3152 Unused Serialized files (Serialized files now loaded: 0)
Unloading 81 unused Assets / (61.9 KB). Loaded Objects now: 3617.
Memory consumption went from 118.4 MB to 118.4 MB.
Total: 6.304100 ms (FindLiveObjects: 0.403500 ms CreateObjectMapping: 0.564100 ms MarkObjects: 5.194500 ms  DeleteObjects: 0.140900 ms)

Prepare: number of updated asset objects reloaded= 0
AssetImportParameters requested are different than current active one (requested -> active):
  custom:container-demuxer-ogg: 62fdf1f143b41e24485cea50d1cbac27 -> 
  custom:video-decoder-ogg-theora: a1e56fd34408186e4bbccfd4996cb3dc -> 
  custom:framework-win-MediaFoundation: 216162199b28c13a410421893ffa2e32 -> 
  custom:container-demuxer-webm: 4f35f7cbe854078d1ac9338744f61a02 -> 
  custom:container-muxer-webm: aa71ff27fc2769a1b78a27578f13a17b -> 
  custom:video-decoder-webm-vp8: 9c59270c3fd7afecdb556c50c9e8de78 -> 
  custom:AudioImporter_EditorPlatform: d09bf68614088b80899f8185d706f6e7 -> 
  custom:scripting/monoscript/fileName/ButtonFunction.cs: 118c8725099aeee95e3990b0d93821e5 -> 397874b40585e7c4c81c115f5934657f
  custom:video-encoder-webm-vp8: eb34c28f22e8b96e1ab97ce403110664 -> 
  custom:audio-decoder-ogg-vorbis: bf7c407c2cedff20999df2af8eb42d56 -> 
  custom:audio-encoder-webm-vorbis: bf7c407c2cedff20999df2af8eb42d56 -> 
  custom:scripting/monoscript/fileName/MovementCamera.cs: 3438db880a4c04ea2e0d9336edf1a1cb -> 1421e6a82a609ee0fd61ed5ba28a90ce
========================================================================
Received Prepare
Begin MonoManager ReloadAssembly
Symbol file LoadedFromMemory doesn't match image C:\Users\endchen\Downloads\Stage\Library\PackageCache\com.unity.visualscripting@1.8.0\Editor\VisualScripting.Core\Dependencies\YamlDotNet\Unity.VisualScripting.YamlDotNet.dll
Symbol file LoadedFromMemory doesn't match image C:\Users\endchen\Downloads\Stage\Library\PackageCache\com.unity.visualscripting@1.8.0\Editor\VisualScripting.Core\Dependencies\DotNetZip\Unity.VisualScripting.IonicZip.dll
- Loaded All Assemblies, in  1.176 seconds
Refreshing native plugins compatible for Editor in 20.57 ms, found 28 plugins.
Native extension for WindowsStandalone target not found
Native extension for Android target not found
Mono: successfully reloaded assembly
- Finished resetting the current domain, in  1.479 seconds
Domain Reload Profiling:
	ReloadAssembly (357ms)
		BeginReloadAssembly (223ms)
			ExecutionOrderSort (0ms)
			DisableScriptedObjects (10ms)
			BackupInstance (0ms)
			ReleaseScriptingObjects (0ms)
			CreateAndSetChildDomain (56ms)
		LoadAllAssembliesAndSetupDomain (815ms)
			LoadAssemblies (400ms)
			RebuildTransferFunctionScriptingTraits (0ms)
			SetupTypeCache (523ms)
				TypeCache.Initialize (514ms)
					TypeCache.ScanAssembly (503ms)
				ResolveRequiredComponents (8ms)
		FinalizeReload (0ms)
			ReleaseScriptCaches (0ms)
			RebuildScriptCaches (0ms)
			SetupLoadedEditorAssemblies (639ms)
				LogAssemblyErrors (0ms)
				InitializePlatformSupportModulesInManaged (38ms)
				SetLoadedEditorAssemblies (7ms)
				RefreshPlugins (0ms)
				BeforeProcessingInitializeOnLoad (112ms)
				ProcessInitializeOnLoadAttributes (438ms)
				ProcessInitializeOnLoadMethodAttributes (38ms)
				AfterProcessingInitializeOnLoad (6ms)
				EditorAssembliesLoaded (0ms)
			ExecutionOrderSort2 (0ms)
			AwakeInstancesAfterBackupRestoration (13ms)
Refreshing native plugins compatible for Editor in 24.19 ms, found 28 plugins.
Preloading 0 native plugins for Editor in 0.00 ms.
Unloading 3153 Unused Serialized files (Serialized files now loaded: 0)
Unloading 81 unused Assets / (69.2 KB). Loaded Objects now: 3620.
Memory consumption went from 118.7 MB to 118.6 MB.
Total: 9.980000 ms (FindLiveObjects: 0.372400 ms CreateObjectMapping: 1.044200 ms MarkObjects: 8.394300 ms  DeleteObjects: 0.167600 ms)

Prepare: number of updated asset objects reloaded= 0
AssetImportParameters requested are different than current active one (requested -> active):
  custom:container-demuxer-ogg: 62fdf1f143b41e24485cea50d1cbac27 -> 
  custom:video-decoder-ogg-theora: a1e56fd34408186e4bbccfd4996cb3dc -> 
  custom:framework-win-MediaFoundation: 216162199b28c13a410421893ffa2e32 -> 
  custom:container-demuxer-webm: 4f35f7cbe854078d1ac9338744f61a02 -> 
  custom:container-muxer-webm: aa71ff27fc2769a1b78a27578f13a17b -> 
  custom:video-decoder-webm-vp8: 9c59270c3fd7afecdb556c50c9e8de78 -> 
  custom:AudioImporter_EditorPlatform: d09bf68614088b80899f8185d706f6e7 -> 
  custom:scripting/monoscript/fileName/ButtonFunction.cs: 118c8725099aeee95e3990b0d93821e5 -> 397874b40585e7c4c81c115f5934657f
  custom:video-encoder-webm-vp8: eb34c28f22e8b96e1ab97ce403110664 -> 
  custom:audio-decoder-ogg-vorbis: bf7c407c2cedff20999df2af8eb42d56 -> 
  custom:audio-encoder-webm-vorbis: bf7c407c2cedff20999df2af8eb42d56 -> 
  custom:scripting/monoscript/fileName/MovementCamera.cs: 3438db880a4c04ea2e0d9336edf1a1cb -> 1421e6a82a609ee0fd61ed5ba28a90ce
========================================================================
Received Prepare
Begin MonoManager ReloadAssembly
Symbol file LoadedFromMemory doesn't match image C:\Users\endchen\Downloads\Stage\Library\PackageCache\com.unity.visualscripting@1.8.0\Editor\VisualScripting.Core\Dependencies\YamlDotNet\Unity.VisualScripting.YamlDotNet.dll
Symbol file LoadedFromMemory doesn't match image C:\Users\endchen\Downloads\Stage\Library\PackageCache\com.unity.visualscripting@1.8.0\Editor\VisualScripting.Core\Dependencies\DotNetZip\Unity.VisualScripting.IonicZip.dll
- Loaded All Assemblies, in  1.245 seconds
Refreshing native plugins compatible for Editor in 27.26 ms, found 28 plugins.
Native extension for WindowsStandalone target not found
Native extension for Android target not found
Mono: successfully reloaded assembly
- Finished resetting the current domain, in  1.592 seconds
Domain Reload Profiling:
	ReloadAssembly (349ms)
		BeginReloadAssembly (216ms)
			ExecutionOrderSort (0ms)
			DisableScriptedObjects (11ms)
			BackupInstance (0ms)
			ReleaseScriptingObjects (0ms)
			CreateAndSetChildDomain (58ms)
		LoadAllAssembliesAndSetupDomain (894ms)
			LoadAssemblies (400ms)
			RebuildTransferFunctionScriptingTraits (0ms)
			SetupTypeCache (594ms)
				TypeCache.Initialize (584ms)
					TypeCache.ScanAssembly (573ms)
				ResolveRequiredComponents (10ms)
		FinalizeReload (0ms)
			ReleaseScriptCaches (0ms)
			RebuildScriptCaches (0ms)
			SetupLoadedEditorAssemblies (645ms)
				LogAssemblyErrors (0ms)
				InitializePlatformSupportModulesInManaged (39ms)
				SetLoadedEditorAssemblies (7ms)
				RefreshPlugins (0ms)
				BeforeProcessingInitializeOnLoad (113ms)
				ProcessInitializeOnLoadAttributes (442ms)
				ProcessInitializeOnLoadMethodAttributes (38ms)
				AfterProcessingInitializeOnLoad (6ms)
				EditorAssembliesLoaded (0ms)
			ExecutionOrderSort2 (0ms)
			AwakeInstancesAfterBackupRestoration (15ms)
Refreshing native plugins compatible for Editor in 25.98 ms, found 28 plugins.
Preloading 0 native plugins for Editor in 0.00 ms.
Unloading 3153 Unused Serialized files (Serialized files now loaded: 0)
Unloading 81 unused Assets / (69.3 KB). Loaded Objects now: 3623.
Memory consumption went from 118.7 MB to 118.6 MB.
Total: 5.907700 ms (FindLiveObjects: 0.389600 ms CreateObjectMapping: 0.336600 ms MarkObjects: 5.000700 ms  DeleteObjects: 0.179400 ms)

Prepare: number of updated asset objects reloaded= 0
AssetImportParameters requested are different than current active one (requested -> active):
  custom:container-demuxer-ogg: 62fdf1f143b41e24485cea50d1cbac27 -> 
  custom:video-decoder-ogg-theora: a1e56fd34408186e4bbccfd4996cb3dc -> 
  custom:framework-win-MediaFoundation: 216162199b28c13a410421893ffa2e32 -> 
  custom:container-demuxer-webm: 4f35f7cbe854078d1ac9338744f61a02 -> 
  custom:container-muxer-webm: aa71ff27fc2769a1b78a27578f13a17b -> 
  custom:video-decoder-webm-vp8: 9c59270c3fd7afecdb556c50c9e8de78 -> 
  custom:AudioImporter_EditorPlatform: d09bf68614088b80899f8185d706f6e7 -> 
  custom:scripting/monoscript/fileName/ButtonFunction.cs: 118c8725099aeee95e3990b0d93821e5 -> 397874b40585e7c4c81c115f5934657f
  custom:video-encoder-webm-vp8: eb34c28f22e8b96e1ab97ce403110664 -> 
  custom:audio-decoder-ogg-vorbis: bf7c407c2cedff20999df2af8eb42d56 -> 
  custom:audio-encoder-webm-vorbis: bf7c407c2cedff20999df2af8eb42d56 -> 
  custom:scripting/monoscript/fileName/MovementCamera.cs: 3438db880a4c04ea2e0d9336edf1a1cb -> 1421e6a82a609ee0fd61ed5ba28a90ce
========================================================================
Received Prepare
Begin MonoManager ReloadAssembly
Symbol file LoadedFromMemory doesn't match image C:\Users\endchen\Downloads\Stage\Library\PackageCache\com.unity.visualscripting@1.8.0\Editor\VisualScripting.Core\Dependencies\YamlDotNet\Unity.VisualScripting.YamlDotNet.dll
Symbol file LoadedFromMemory doesn't match image C:\Users\endchen\Downloads\Stage\Library\PackageCache\com.unity.visualscripting@1.8.0\Editor\VisualScripting.Core\Dependencies\DotNetZip\Unity.VisualScripting.IonicZip.dll
- Loaded All Assemblies, in  1.142 seconds
Refreshing native plugins compatible for Editor in 27.66 ms, found 28 plugins.
Native extension for WindowsStandalone target not found
Native extension for Android target not found
Mono: successfully reloaded assembly
- Finished resetting the current domain, in  1.462 seconds
Domain Reload Profiling:
	ReloadAssembly (347ms)
		BeginReloadAssembly (217ms)
			ExecutionOrderSort (0ms)
			DisableScriptedObjects (10ms)
			BackupInstance (0ms)
			ReleaseScriptingObjects (0ms)
			CreateAndSetChildDomain (58ms)
		LoadAllAssembliesAndSetupDomain (793ms)
			LoadAssemblies (391ms)
			RebuildTransferFunctionScriptingTraits (0ms)
			SetupTypeCache (502ms)
				TypeCache.Initialize (493ms)
					TypeCache.ScanAssembly (484ms)
				ResolveRequiredComponents (8ms)
		FinalizeReload (0ms)
			ReleaseScriptCaches (0ms)
			RebuildScriptCaches (0ms)
			SetupLoadedEditorAssemblies (627ms)
				LogAssemblyErrors (0ms)
				InitializePlatformSupportModulesInManaged (37ms)
				SetLoadedEditorAssemblies (8ms)
				RefreshPlugins (0ms)
				BeforeProcessingInitializeOnLoad (105ms)
				ProcessInitializeOnLoadAttributes (429ms)
				ProcessInitializeOnLoadMethodAttributes (42ms)
				AfterProcessingInitializeOnLoad (6ms)
				EditorAssembliesLoaded (1ms)
			ExecutionOrderSort2 (0ms)
			AwakeInstancesAfterBackupRestoration (14ms)
Refreshing native plugins compatible for Editor in 36.45 ms, found 28 plugins.
Preloading 0 native plugins for Editor in 0.00 ms.
Unloading 3153 Unused Serialized files (Serialized files now loaded: 0)
Unloading 81 unused Assets / (69.3 KB). Loaded Objects now: 3626.
Memory consumption went from 118.7 MB to 118.6 MB.
Total: 6.475100 ms (FindLiveObjects: 0.352100 ms CreateObjectMapping: 0.269400 ms MarkObjects: 5.719700 ms  DeleteObjects: 0.132600 ms)

Prepare: number of updated asset objects reloaded= 0
AssetImportParameters requested are different than current active one (requested -> active):
  custom:container-demuxer-ogg: 62fdf1f143b41e24485cea50d1cbac27 -> 
  custom:video-decoder-ogg-theora: a1e56fd34408186e4bbccfd4996cb3dc -> 
  custom:framework-win-MediaFoundation: 216162199b28c13a410421893ffa2e32 -> 
  custom:container-demuxer-webm: 4f35f7cbe854078d1ac9338744f61a02 -> 
  custom:container-muxer-webm: aa71ff27fc2769a1b78a27578f13a17b -> 
  custom:video-decoder-webm-vp8: 9c59270c3fd7afecdb556c50c9e8de78 -> 
  custom:AudioImporter_EditorPlatform: d09bf68614088b80899f8185d706f6e7 -> 
  custom:scripting/monoscript/fileName/ButtonFunction.cs: 118c8725099aeee95e3990b0d93821e5 -> 397874b40585e7c4c81c115f5934657f
  custom:video-encoder-webm-vp8: eb34c28f22e8b96e1ab97ce403110664 -> 
  custom:audio-decoder-ogg-vorbis: bf7c407c2cedff20999df2af8eb42d56 -> 
  custom:audio-encoder-webm-vorbis: bf7c407c2cedff20999df2af8eb42d56 -> 
  custom:scripting/monoscript/fileName/MovementCamera.cs: 3438db880a4c04ea2e0d9336edf1a1cb -> 1421e6a82a609ee0fd61ed5ba28a90ce
